<?xml version="1.0" encoding="UTF-8"?>
<!-- Generated by org.testng.reporters.JUnitReportReporter -->
<testsuite hostname="SOUVIKS-WIN10" failures="0" tests="1" name="base.test" time="53.414" errors="0" timestamp="2023-05-23T20:10:58 IST" skipped="0">
  <testcase classname="base.test" name="firstTest" time="53.414"/>
  <system-out/>
</testsuite> <!-- base.test -->
