<?xml version="1.0" encoding="UTF-8"?>
<!-- Generated by org.testng.reporters.JUnitReportReporter -->
<testsuite hostname="SOUVIKS-WIN10" failures="0" tests="1" name="base.test" time="42.784" errors="0" timestamp="2023-05-23T11:17:54 IST" skipped="0">
  <testcase classname="base.test" name="firstTest" time="42.784"/>
  <system-out/>
</testsuite> <!-- base.test -->
